# JRE version: OpenJDK Runtime Environment Temurin-21.0.8+9 (21.0.8+9) (build 21.0.8+9-LTS)
# Java VM: OpenJDK 64-Bit Server VM Temurin-21.0.8+9 (21.0.8+9-LTS, mixed mode, sharing, tiered, compressed oops, compressed class ptrs, parallel gc, windows-amd64)
GC Precious Log:
 CardTable entry size: 512
 CPUs: 16 total, 16 available
 Memory: 7365M
 Large Page Support: Disabled
 NUMA Support: Disabled
 Compressed Oops: Enabled (32-bit)
 Alignments: Space 512K, Generation 512K, Heap 2M
 Heap Min Capacity: 100M
 Heap Initial Capacity: 100M
 Heap Max Capacity: 2G
 Pre-touch: Disabled
 Parallel Workers: 13
Heap:
 PSYoungGen      total 2048K, used 569K [0x00000000d5580000, 0x00000000d5800000, 0x0000000100000000)
  eden space 1536K, 14% used [0x00000000d5580000,0x00000000d55b6690,0x00000000d5700000)
  from space 512K, 68% used [0x00000000d5780000,0x00000000d57d8000,0x00000000d5800000)
  to   space 512K, 0% used [0x00000000d5700000,0x00000000d5700000,0x00000000d5780000)
 ParOldGen       total 481792K, used 481720K [0x0000000080000000, 0x000000009d680000, 0x00000000d5580000)
  object space 481792K, 99% used [0x0000000080000000,0x000000009d66e248,0x000000009d680000)
 Metaspace       used 74160K, committed 75712K, reserved 1179648K
  class space    used 7839K, committed 8512K, reserved 1048576K
GC Heap History (20 events):
Event: 59.857 GC heap before
{Heap before GC invocations=615 (full 3):
 PSYoungGen      total 2048K, used 2016K [0x00000000d5580000, 0x00000000d5880000, 0x0000000100000000)
  eden space 1024K, 100% used [0x00000000d5580000,0x00000000d5680000,0x00000000d5680000)
  from space 1024K, 96% used [0x00000000d5700000,0x00000000d57f8000,0x00000000d5800000)
  to   space 512K, 0% used [0x00000000d5800000,0x00000000d5800000,0x00000000d5880000)
 ParOldGen       total 478208K, used 477700K [0x0000000080000000, 0x000000009d300000, 0x00000000d5580000)
  object space 478208K, 99% used [0x0000000080000000,0x000000009d2810f0,0x000000009d300000)
 Metaspace       used 74142K, committed 75712K, reserved 1179648K
  class space    used 7837K, committed 8512K, reserved 1048576K
}
Event: 59.860 GC heap after
{Heap after GC invocations=615 (full 3):
 PSYoungGen      total 1024K, used 512K [0x00000000d5580000, 0x00000000d5a80000, 0x0000000100000000)
  eden space 512K, 0% used [0x00000000d5580000,0x00000000d5580000,0x00000000d5600000)
  from space 512K, 100% used [0x00000000d5800000,0x00000000d5880000,0x00000000d5880000)
  to   space 2048K, 0% used [0x00000000d5600000,0x00000000d5600000,0x00000000d5800000)
 ParOldGen       total 479232K, used 478900K [0x0000000080000000, 0x000000009d400000, 0x00000000d5580000)
  object space 479232K, 99% used [0x0000000080000000,0x000000009d3ad0f0,0x000000009d400000)
 Metaspace       used 74142K, committed 75712K, reserved 1179648K
  class space    used 7837K, committed 8512K, reserved 1048576K
}
Event: 59.870 GC heap before
{Heap before GC invocations=616 (full 3):
 PSYoungGen      total 1024K, used 1024K [0x00000000d5580000, 0x00000000d5a80000, 0x0000000100000000)
  eden space 512K, 100% used [0x00000000d5580000,0x00000000d5600000,0x00000000d5600000)
  from space 512K, 100% used [0x00000000d5800000,0x00000000d5880000,0x00000000d5880000)
  to   space 2048K, 0% used [0x00000000d5600000,0x00000000d5600000,0x00000000d5800000)
 ParOldGen       total 479232K, used 478900K [0x0000000080000000, 0x000000009d400000, 0x00000000d5580000)
  object space 479232K, 99% used [0x0000000080000000,0x000000009d3ad0f0,0x000000009d400000)
 Metaspace       used 74142K, committed 75712K, reserved 1179648K
  class space    used 7837K, committed 8512K, reserved 1048576K
}
Event: 59.872 GC heap after
{Heap after GC invocations=616 (full 3):
 PSYoungGen      total 1536K, used 576K [0x00000000d5580000, 0x00000000d5880000, 0x0000000100000000)
  eden space 512K, 0% used [0x00000000d5580000,0x00000000d5580000,0x00000000d5600000)
  from space 1024K, 56% used [0x00000000d5600000,0x00000000d5690000,0x00000000d5700000)
  to   space 1024K, 0% used [0x00000000d5780000,0x00000000d5780000,0x00000000d5880000)
 ParOldGen       total 479744K, used 479476K [0x0000000080000000, 0x000000009d480000, 0x00000000d5580000)
  object space 479744K, 99% used [0x0000000080000000,0x000000009d43d0f0,0x000000009d480000)
 Metaspace       used 74142K, committed 75712K, reserved 1179648K
  class space    used 7837K, committed 8512K, reserved 1048576K
}
Event: 59.881 GC heap before
{Heap before GC invocations=617 (full 3):
 PSYoungGen      total 1536K, used 1072K [0x00000000d5580000, 0x00000000d5880000, 0x0000000100000000)
  eden space 512K, 97% used [0x00000000d5580000,0x00000000d55fc3f8,0x00000000d5600000)
  from space 1024K, 56% used [0x00000000d5600000,0x00000000d5690000,0x00000000d5700000)
  to   space 1024K, 0% used [0x00000000d5780000,0x00000000d5780000,0x00000000d5880000)
 ParOldGen       total 479744K, used 479476K [0x0000000080000000, 0x000000009d480000, 0x00000000d5580000)
  object space 479744K, 99% used [0x0000000080000000,0x000000009d43d0f0,0x000000009d480000)
 Metaspace       used 74142K, committed 75712K, reserved 1179648K
  class space    used 7837K, committed 8512K, reserved 1048576K
}
Event: 59.884 GC heap after
{Heap after GC invocations=617 (full 3):
 PSYoungGen      total 1024K, used 480K [0x00000000d5580000, 0x00000000d5800000, 0x0000000100000000)
  eden space 512K, 0% used [0x00000000d5580000,0x00000000d5580000,0x00000000d5600000)
  from space 512K, 93% used [0x00000000d5780000,0x00000000d57f8000,0x00000000d5800000)
  to   space 1024K, 0% used [0x00000000d5600000,0x00000000d5600000,0x00000000d5700000)
 ParOldGen       total 480256K, used 479916K [0x0000000080000000, 0x000000009d500000, 0x00000000d5580000)
  object space 480256K, 99% used [0x0000000080000000,0x000000009d4ab0f0,0x000000009d500000)
 Metaspace       used 74142K, committed 75712K, reserved 1179648K
  class space    used 7837K, committed 8512K, reserved 1048576K
}
Event: 59.948 GC heap before
{Heap before GC invocations=618 (full 3):
 PSYoungGen      total 1024K, used 954K [0x00000000d5580000, 0x00000000d5800000, 0x0000000100000000)
  eden space 512K, 92% used [0x00000000d5580000,0x00000000d55f6a20,0x00000000d5600000)
  from space 512K, 93% used [0x00000000d5780000,0x00000000d57f8000,0x00000000d5800000)
  to   space 1024K, 0% used [0x00000000d5600000,0x00000000d5600000,0x00000000d5700000)
 ParOldGen       total 480256K, used 479916K [0x0000000080000000, 0x000000009d500000, 0x00000000d5580000)
  object space 480256K, 99% used [0x0000000080000000,0x000000009d4ab0f0,0x000000009d500000)
 Metaspace       used 74142K, committed 75712K, reserved 1179648K
  class space    used 7837K, committed 8512K, reserved 1048576K
}
Event: 59.951 GC heap after
{Heap after GC invocations=618 (full 3):
 PSYoungGen      total 1536K, used 448K [0x00000000d5580000, 0x00000000d5800000, 0x0000000100000000)
  eden space 512K, 0% used [0x00000000d5580000,0x00000000d5580000,0x00000000d5600000)
  from space 1024K, 43% used [0x00000000d5600000,0x00000000d5670000,0x00000000d5700000)
  to   space 512K, 0% used [0x00000000d5780000,0x00000000d5780000,0x00000000d5800000)
 ParOldGen       total 480768K, used 480260K [0x0000000080000000, 0x000000009d580000, 0x00000000d5580000)
  object space 480768K, 99% used [0x0000000080000000,0x000000009d5010f0,0x000000009d580000)
 Metaspace       used 74142K, committed 75712K, reserved 1179648K
  class space    used 7837K, committed 8512K, reserved 1048576K
}
Event: 61.295 GC heap before
{Heap before GC invocations=619 (full 3):
 PSYoungGen      total 1536K, used 960K [0x00000000d5580000, 0x00000000d5800000, 0x0000000100000000)
  eden space 512K, 100% used [0x00000000d5580000,0x00000000d5600000,0x00000000d5600000)
  from space 1024K, 43% used [0x00000000d5600000,0x00000000d5670000,0x00000000d5700000)
  to   space 512K, 0% used [0x00000000d5780000,0x00000000d5780000,0x00000000d5800000)
 ParOldGen       total 480768K, used 480260K [0x0000000080000000, 0x000000009d580000, 0x00000000d5580000)
  object space 480768K, 99% used [0x0000000080000000,0x000000009d5010f0,0x000000009d580000)
 Metaspace       used 74156K, committed 75712K, reserved 1179648K
  class space    used 7839K, committed 8512K, reserved 1048576K
}
Event: 61.298 GC heap after
{Heap after GC invocations=619 (full 3):
 PSYoungGen      total 2048K, used 256K [0x00000000d5580000, 0x00000000d5800000, 0x0000000100000000)
  eden space 1536K, 0% used [0x00000000d5580000,0x00000000d5580000,0x00000000d5700000)
  from space 512K, 50% used [0x00000000d5780000,0x00000000d57c0000,0x00000000d5800000)
  to   space 512K, 0% used [0x00000000d5700000,0x00000000d5700000,0x00000000d5780000)
 ParOldGen       total 480768K, used 480524K [0x0000000080000000, 0x000000009d580000, 0x00000000d5580000)
  object space 480768K, 99% used [0x0000000080000000,0x000000009d5430f0,0x000000009d580000)
 Metaspace       used 74156K, committed 75712K, reserved 1179648K
  class space    used 7839K, committed 8512K, reserved 1048576K
}
Event: 61.311 GC heap before
{Heap before GC invocations=620 (full 3):
 PSYoungGen      total 2048K, used 1792K [0x00000000d5580000, 0x00000000d5800000, 0x0000000100000000)
  eden space 1536K, 100% used [0x00000000d5580000,0x00000000d5700000,0x00000000d5700000)
  from space 512K, 50% used [0x00000000d5780000,0x00000000d57c0000,0x00000000d5800000)
  to   space 512K, 0% used [0x00000000d5700000,0x00000000d5700000,0x00000000d5780000)
 ParOldGen       total 480768K, used 480524K [0x0000000080000000, 0x000000009d580000, 0x00000000d5580000)
  object space 480768K, 99% used [0x0000000080000000,0x000000009d5430f0,0x000000009d580000)
 Metaspace       used 74157K, committed 75712K, reserved 1179648K
  class space    used 7839K, committed 8512K, reserved 1048576K
}
Event: 61.313 GC heap after
{Heap after GC invocations=620 (full 3):
 PSYoungGen      total 2048K, used 320K [0x00000000d5580000, 0x00000000d5800000, 0x0000000100000000)
  eden space 1536K, 0% used [0x00000000d5580000,0x00000000d5580000,0x00000000d5700000)
  from space 512K, 62% used [0x00000000d5700000,0x00000000d5750000,0x00000000d5780000)
  to   space 512K, 0% used [0x00000000d5780000,0x00000000d5780000,0x00000000d5800000)
 ParOldGen       total 480768K, used 480630K [0x0000000080000000, 0x000000009d580000, 0x00000000d5580000)
  object space 480768K, 99% used [0x0000000080000000,0x000000009d55d9d0,0x000000009d580000)
 Metaspace       used 74157K, committed 75712K, reserved 1179648K
  class space    used 7839K, committed 8512K, reserved 1048576K
}
Event: 61.323 GC heap before
{Heap before GC invocations=621 (full 3):
 PSYoungGen      total 2048K, used 1845K [0x00000000d5580000, 0x00000000d5800000, 0x0000000100000000)
  eden space 1536K, 99% used [0x00000000d5580000,0x00000000d56fd568,0x00000000d5700000)
  from space 512K, 62% used [0x00000000d5700000,0x00000000d5750000,0x00000000d5780000)
  to   space 512K, 0% used [0x00000000d5780000,0x00000000d5780000,0x00000000d5800000)
 ParOldGen       total 480768K, used 480630K [0x0000000080000000, 0x000000009d580000, 0x00000000d5580000)
  object space 480768K, 99% used [0x0000000080000000,0x000000009d55d9d0,0x000000009d580000)
 Metaspace       used 74157K, committed 75712K, reserved 1179648K
  class space    used 7839K, committed 8512K, reserved 1048576K
}
Event: 61.324 GC heap after
{Heap after GC invocations=621 (full 3):
 PSYoungGen      total 2048K, used 416K [0x00000000d5580000, 0x00000000d5800000, 0x0000000100000000)
  eden space 1536K, 0% used [0x00000000d5580000,0x00000000d5580000,0x00000000d5700000)
  from space 512K, 81% used [0x00000000d5780000,0x00000000d57e8000,0x00000000d5800000)
  to   space 512K, 0% used [0x00000000d5700000,0x00000000d5700000,0x00000000d5780000)
 ParOldGen       total 481280K, used 480862K [0x0000000080000000, 0x000000009d600000, 0x00000000d5580000)
  object space 481280K, 99% used [0x0000000080000000,0x000000009d5979d0,0x000000009d600000)
 Metaspace       used 74157K, committed 75712K, reserved 1179648K
  class space    used 7839K, committed 8512K, reserved 1048576K
}
Event: 61.334 GC heap before
{Heap before GC invocations=622 (full 3):
 PSYoungGen      total 2048K, used 1951K [0x00000000d5580000, 0x00000000d5800000, 0x0000000100000000)
  eden space 1536K, 99% used [0x00000000d5580000,0x00000000d56ffff0,0x00000000d5700000)
  from space 512K, 81% used [0x00000000d5780000,0x00000000d57e8000,0x00000000d5800000)
  to   space 512K, 0% used [0x00000000d5700000,0x00000000d5700000,0x00000000d5780000)
 ParOldGen       total 481280K, used 480862K [0x0000000080000000, 0x000000009d600000, 0x00000000d5580000)
  object space 481280K, 99% used [0x0000000080000000,0x000000009d5979d0,0x000000009d600000)
 Metaspace       used 74157K, committed 75712K, reserved 1179648K
  class space    used 7839K, committed 8512K, reserved 1048576K
}
Event: 61.336 GC heap after
{Heap after GC invocations=622 (full 3):
 PSYoungGen      total 2048K, used 411K [0x00000000d5580000, 0x00000000d5800000, 0x0000000100000000)
  eden space 1536K, 0% used [0x00000000d5580000,0x00000000d5580000,0x00000000d5700000)
  from space 512K, 80% used [0x00000000d5700000,0x00000000d5766c08,0x00000000d5780000)
  to   space 512K, 0% used [0x00000000d5780000,0x00000000d5780000,0x00000000d5800000)
 ParOldGen       total 481280K, used 481062K [0x0000000080000000, 0x000000009d600000, 0x00000000d5580000)
  object space 481280K, 99% used [0x0000000080000000,0x000000009d5c99d0,0x000000009d600000)
 Metaspace       used 74157K, committed 75712K, reserved 1179648K
  class space    used 7839K, committed 8512K, reserved 1048576K
}
Event: 61.354 GC heap before
{Heap before GC invocations=623 (full 3):
 PSYoungGen      total 2048K, used 1947K [0x00000000d5580000, 0x00000000d5800000, 0x0000000100000000)
  eden space 1536K, 100% used [0x00000000d5580000,0x00000000d5700000,0x00000000d5700000)
  from space 512K, 80% used [0x00000000d5700000,0x00000000d5766c08,0x00000000d5780000)
  to   space 512K, 0% used [0x00000000d5780000,0x00000000d5780000,0x00000000d5800000)
 ParOldGen       total 481280K, used 481062K [0x0000000080000000, 0x000000009d600000, 0x00000000d5580000)
  object space 481280K, 99% used [0x0000000080000000,0x000000009d5c99d0,0x000000009d600000)
 Metaspace       used 74158K, committed 75712K, reserved 1179648K
  class space    used 7839K, committed 8512K, reserved 1048576K
}
Event: 61.356 GC heap after
{Heap after GC invocations=623 (full 3):
 PSYoungGen      total 2048K, used 416K [0x00000000d5580000, 0x00000000d5800000, 0x0000000100000000)
  eden space 1536K, 0% used [0x00000000d5580000,0x00000000d5580000,0x00000000d5700000)
  from space 512K, 81% used [0x00000000d5780000,0x00000000d57e8000,0x00000000d5800000)
  to   space 512K, 0% used [0x00000000d5700000,0x00000000d5700000,0x00000000d5780000)
 ParOldGen       total 481792K, used 481337K [0x0000000080000000, 0x000000009d680000, 0x00000000d5580000)
  object space 481792K, 99% used [0x0000000080000000,0x000000009d60e5d8,0x000000009d680000)
 Metaspace       used 74158K, committed 75712K, reserved 1179648K
  class space    used 7839K, committed 8512K, reserved 1048576K
}
Event: 62.574 GC heap before
{Heap before GC invocations=624 (full 3):
 PSYoungGen      total 2048K, used 1952K [0x00000000d5580000, 0x00000000d5800000, 0x0000000100000000)
  eden space 1536K, 100% used [0x00000000d5580000,0x00000000d5700000,0x00000000d5700000)
  from space 512K, 81% used [0x00000000d5780000,0x00000000d57e8000,0x00000000d5800000)
  to   space 512K, 0% used [0x00000000d5700000,0x00000000d5700000,0x00000000d5780000)
 ParOldGen       total 481792K, used 481337K [0x0000000080000000, 0x000000009d680000, 0x00000000d5580000)
  object space 481792K, 99% used [0x0000000080000000,0x000000009d60e5d8,0x000000009d680000)
 Metaspace       used 74160K, committed 75712K, reserved 1179648K
  class space    used 7839K, committed 8512K, reserved 1048576K
}
Event: 62.576 GC heap after
{Heap after GC invocations=624 (full 3):
 PSYoungGen      total 2048K, used 352K [0x00000000d5580000, 0x00000000d5800000, 0x0000000100000000)
  eden space 1536K, 0% used [0x00000000d5580000,0x00000000d5580000,0x00000000d5700000)
  from space 512K, 68% used [0x00000000d5700000,0x00000000d5758000,0x00000000d5780000)
  to   space 512K, 0% used [0x00000000d5780000,0x00000000d5780000,0x00000000d5800000)
 ParOldGen       total 481792K, used 481553K [0x0000000080000000, 0x000000009d680000, 0x00000000d5580000)
  object space 481792K, 99% used [0x0000000080000000,0x000000009d6445d8,0x000000009d680000)
 Metaspace       used 74160K, committed 75712K, reserved 1179648K
  class space    used 7839K, committed 8512K, reserved 1048576K
}

