# JRE version: OpenJDK Runtime Environment (22.0.2+9) (build 22.0.2+9-70)
# Java VM: OpenJDK 64-Bit Server VM (22.0.2+9-70, mixed mode, sharing, tiered, compressed oops, compressed class ptrs, g1 gc, windows-amd64)
GC Precious Log:
 CardTable entry size: 512
 Card Set container configuration: InlinePtr #cards 5 size 8 Array Of Cards #cards 12 size 40 Howl #buckets 4 coarsen threshold 1843 Howl Bitmap #cards 512 size 80 coarsen threshold 460 Card regions per heap region 1 cards per card region 2048
 CPUs: 16 total, 16 available
 Memory: 7365M
 Large Page Support: Disabled
 NUMA Support: Disabled
 Compressed Oops: Enabled (32-bit)
 Heap Region Size: 1M
 Heap Min Capacity: 8M
 Heap Initial Capacity: 116M
 Heap Max Capacity: 1842M
 Pre-touch: Disabled
 Parallel Workers: 13
 Concurrent Workers: 3
 Concurrent Refinement Workers: 13
 Periodic GC: Disabled
Heap:
 garbage-first heap   total reserved 1886208K, committed 60416K, used 50048K [0x000000008ce00000, 0x0000000100000000)
  region size 1024K, 24 young (24576K), 2 survivors (2048K)
 Metaspace       used 63422K, committed 64000K, reserved 1114112K
  class space    used 8819K, committed 9088K, reserved 1048576K
GC Heap History (20 events):
Event: 1.644 GC heap before
{Heap before GC invocations=0 (full 0):
 garbage-first heap   total reserved 1886208K, committed 118784K, used 27648K [0x000000008ce00000, 0x0000000100000000)
  region size 1024K, 24 young (24576K), 0 survivors (0K)
 Metaspace       used 6111K, committed 6336K, reserved 1114112K
  class space    used 720K, committed 768K, reserved 1048576K
}
Event: 1.655 GC heap after
{Heap after GC invocations=1 (full 0):
 garbage-first heap   total reserved 1886208K, committed 118784K, used 9320K [0x000000008ce00000, 0x0000000100000000)
  region size 1024K, 3 young (3072K), 3 survivors (3072K)
 Metaspace       used 6111K, committed 6336K, reserved 1114112K
  class space    used 720K, committed 768K, reserved 1048576K
}
Event: 2.849 GC heap before
{Heap before GC invocations=1 (full 0):
 garbage-first heap   total reserved 1886208K, committed 118784K, used 39016K [0x000000008ce00000, 0x0000000100000000)
  region size 1024K, 32 young (32768K), 3 survivors (3072K)
 Metaspace       used 13452K, committed 13824K, reserved 1114112K
  class space    used 1782K, committed 1984K, reserved 1048576K
}
Event: 2.856 GC heap after
{Heap after GC invocations=2 (full 0):
 garbage-first heap   total reserved 1886208K, committed 118784K, used 12088K [0x000000008ce00000, 0x0000000100000000)
  region size 1024K, 3 young (3072K), 3 survivors (3072K)
 Metaspace       used 13452K, committed 13824K, reserved 1114112K
  class space    used 1782K, committed 1984K, reserved 1048576K
}
Event: 4.073 GC heap before
{Heap before GC invocations=2 (full 0):
 garbage-first heap   total reserved 1886208K, committed 118784K, used 39736K [0x000000008ce00000, 0x0000000100000000)
  region size 1024K, 32 young (32768K), 3 survivors (3072K)
 Metaspace       used 21234K, committed 21504K, reserved 1114112K
  class space    used 2704K, committed 2816K, reserved 1048576K
}
Event: 4.079 GC heap after
{Heap after GC invocations=3 (full 0):
 garbage-first heap   total reserved 1886208K, committed 118784K, used 14600K [0x000000008ce00000, 0x0000000100000000)
  region size 1024K, 5 young (5120K), 5 survivors (5120K)
 Metaspace       used 21234K, committed 21504K, reserved 1114112K
  class space    used 2704K, committed 2816K, reserved 1048576K
}
Event: 5.180 GC heap before
{Heap before GC invocations=4 (full 0):
 garbage-first heap   total reserved 1886208K, committed 51200K, used 49416K [0x000000008ce00000, 0x0000000100000000)
  region size 1024K, 40 young (40960K), 5 survivors (5120K)
 Metaspace       used 25964K, committed 26304K, reserved 1114112K
  class space    used 3314K, committed 3456K, reserved 1048576K
}
Event: 5.270 GC heap after
{Heap after GC invocations=5 (full 0):
 garbage-first heap   total reserved 1886208K, committed 60416K, used 17948K [0x000000008ce00000, 0x0000000100000000)
  region size 1024K, 6 young (6144K), 6 survivors (6144K)
 Metaspace       used 25964K, committed 26304K, reserved 1114112K
  class space    used 3314K, committed 3456K, reserved 1048576K
}
Event: 7.403 GC heap before
{Heap before GC invocations=5 (full 0):
 garbage-first heap   total reserved 1886208K, committed 60416K, used 46620K [0x000000008ce00000, 0x0000000100000000)
  region size 1024K, 34 young (34816K), 6 survivors (6144K)
 Metaspace       used 30371K, committed 30784K, reserved 1114112K
  class space    used 4014K, committed 4224K, reserved 1048576K
}
Event: 7.421 GC heap after
{Heap after GC invocations=6 (full 0):
 garbage-first heap   total reserved 1886208K, committed 60416K, used 20459K [0x000000008ce00000, 0x0000000100000000)
  region size 1024K, 3 young (3072K), 3 survivors (3072K)
 Metaspace       used 30371K, committed 30784K, reserved 1114112K
  class space    used 4014K, committed 4224K, reserved 1048576K
}
Event: 9.099 GC heap before
{Heap before GC invocations=6 (full 0):
 garbage-first heap   total reserved 1886208K, committed 60416K, used 48107K [0x000000008ce00000, 0x0000000100000000)
  region size 1024K, 30 young (30720K), 3 survivors (3072K)
 Metaspace       used 35634K, committed 36096K, reserved 1114112K
  class space    used 4677K, committed 4864K, reserved 1048576K
}
Event: 9.103 GC heap after
{Heap after GC invocations=7 (full 0):
 garbage-first heap   total reserved 1886208K, committed 60416K, used 22722K [0x000000008ce00000, 0x0000000100000000)
  region size 1024K, 3 young (3072K), 3 survivors (3072K)
 Metaspace       used 35634K, committed 36096K, reserved 1114112K
  class space    used 4677K, committed 4864K, reserved 1048576K
}
Event: 10.613 GC heap before
{Heap before GC invocations=8 (full 0):
 garbage-first heap   total reserved 1886208K, committed 60416K, used 49346K [0x000000008ce00000, 0x0000000100000000)
  region size 1024K, 29 young (29696K), 3 survivors (3072K)
 Metaspace       used 42996K, committed 43520K, reserved 1114112K
  class space    used 5784K, committed 6016K, reserved 1048576K
}
Event: 10.617 GC heap after
{Heap after GC invocations=9 (full 0):
 garbage-first heap   total reserved 1886208K, committed 60416K, used 24922K [0x000000008ce00000, 0x0000000100000000)
  region size 1024K, 4 young (4096K), 4 survivors (4096K)
 Metaspace       used 42996K, committed 43520K, reserved 1114112K
  class space    used 5784K, committed 6016K, reserved 1048576K
}
Event: 11.653 GC heap before
{Heap before GC invocations=9 (full 0):
 garbage-first heap   total reserved 1886208K, committed 60416K, used 49498K [0x000000008ce00000, 0x0000000100000000)
  region size 1024K, 29 young (29696K), 4 survivors (4096K)
 Metaspace       used 49497K, committed 49984K, reserved 1114112K
  class space    used 6642K, committed 6848K, reserved 1048576K
}
Event: 11.657 GC heap after
{Heap after GC invocations=10 (full 0):
 garbage-first heap   total reserved 1886208K, committed 60416K, used 26624K [0x000000008ce00000, 0x0000000100000000)
  region size 1024K, 2 young (2048K), 2 survivors (2048K)
 Metaspace       used 49497K, committed 49984K, reserved 1114112K
  class space    used 6642K, committed 6848K, reserved 1048576K
}
Event: 12.346 GC heap before
{Heap before GC invocations=10 (full 0):
 garbage-first heap   total reserved 1886208K, committed 60416K, used 51200K [0x000000008ce00000, 0x0000000100000000)
  region size 1024K, 27 young (27648K), 2 survivors (2048K)
 Metaspace       used 57038K, committed 57600K, reserved 1114112K
  class space    used 7866K, committed 8128K, reserved 1048576K
}
Event: 12.349 GC heap after
{Heap after GC invocations=11 (full 0):
 garbage-first heap   total reserved 1886208K, committed 60416K, used 27511K [0x000000008ce00000, 0x0000000100000000)
  region size 1024K, 3 young (3072K), 3 survivors (3072K)
 Metaspace       used 57038K, committed 57600K, reserved 1114112K
  class space    used 7866K, committed 8128K, reserved 1048576K
}
Event: 12.758 GC heap before
{Heap before GC invocations=11 (full 0):
 garbage-first heap   total reserved 1886208K, committed 60416K, used 37751K [0x000000008ce00000, 0x0000000100000000)
  region size 1024K, 14 young (14336K), 3 survivors (3072K)
 Metaspace       used 59857K, committed 60416K, reserved 1114112K
  class space    used 8265K, committed 8512K, reserved 1048576K
}
Event: 12.762 GC heap after
{Heap after GC invocations=12 (full 0):
 garbage-first heap   total reserved 1886208K, committed 60416K, used 28544K [0x000000008ce00000, 0x0000000100000000)
  region size 1024K, 2 young (2048K), 2 survivors (2048K)
 Metaspace       used 59857K, committed 60416K, reserved 1114112K
  class space    used 8265K, committed 8512K, reserved 1048576K
}

