# JRE version: OpenJDK Runtime Environment (22.0.2+9) (build 22.0.2+9-70)
# Java VM: OpenJDK 64-Bit Server VM (22.0.2+9-70, mixed mode, sharing, tiered, compressed oops, compressed class ptrs, g1 gc, windows-amd64)
GC Precious Log:
 CardTable entry size: 512
 Card Set container configuration: InlinePtr #cards 5 size 8 Array Of Cards #cards 12 size 40 Howl #buckets 4 coarsen threshold 1843 Howl Bitmap #cards 512 size 80 coarsen threshold 460 Card regions per heap region 1 cards per card region 2048
 CPUs: 16 total, 16 available
 Memory: 7365M
 Large Page Support: Disabled
 NUMA Support: Disabled
 Compressed Oops: Enabled (32-bit)
 Heap Region Size: 1M
 Heap Min Capacity: 8M
 Heap Initial Capacity: 116M
 Heap Max Capacity: 1842M
 Pre-touch: Disabled
 Parallel Workers: 13
 Concurrent Workers: 3
 Concurrent Refinement Workers: 13
 Periodic GC: Disabled
Heap:
 garbage-first heap   total reserved 1886208K, committed 60416K, used 45842K [0x000000008ce00000, 0x0000000100000000)
  region size 1024K, 22 young (22528K), 2 survivors (2048K)
 Metaspace       used 63014K, committed 63616K, reserved 1114112K
  class space    used 8753K, committed 9024K, reserved 1048576K
GC Heap History (20 events):
Event: 1.322 GC heap before
{Heap before GC invocations=0 (full 0):
 garbage-first heap   total reserved 1886208K, committed 118784K, used 28672K [0x000000008ce00000, 0x0000000100000000)
  region size 1024K, 24 young (24576K), 0 survivors (0K)
 Metaspace       used 6116K, committed 6336K, reserved 1114112K
  class space    used 723K, committed 768K, reserved 1048576K
}
Event: 1.333 GC heap after
{Heap after GC invocations=1 (full 0):
 garbage-first heap   total reserved 1886208K, committed 118784K, used 9216K [0x000000008ce00000, 0x0000000100000000)
  region size 1024K, 3 young (3072K), 3 survivors (3072K)
 Metaspace       used 6116K, committed 6336K, reserved 1114112K
  class space    used 723K, committed 768K, reserved 1048576K
}
Event: 2.348 GC heap before
{Heap before GC invocations=1 (full 0):
 garbage-first heap   total reserved 1886208K, committed 118784K, used 38912K [0x000000008ce00000, 0x0000000100000000)
  region size 1024K, 32 young (32768K), 3 survivors (3072K)
 Metaspace       used 13615K, committed 13952K, reserved 1114112K
  class space    used 1814K, committed 1984K, reserved 1048576K
}
Event: 2.357 GC heap after
{Heap after GC invocations=2 (full 0):
 garbage-first heap   total reserved 1886208K, committed 118784K, used 11969K [0x000000008ce00000, 0x0000000100000000)
  region size 1024K, 3 young (3072K), 3 survivors (3072K)
 Metaspace       used 13615K, committed 13952K, reserved 1114112K
  class space    used 1814K, committed 1984K, reserved 1048576K
}
Event: 2.822 GC heap before
{Heap before GC invocations=2 (full 0):
 garbage-first heap   total reserved 1886208K, committed 118784K, used 39617K [0x000000008ce00000, 0x0000000100000000)
  region size 1024K, 32 young (32768K), 3 survivors (3072K)
 Metaspace       used 21202K, committed 21504K, reserved 1114112K
  class space    used 2663K, committed 2816K, reserved 1048576K
}
Event: 2.831 GC heap after
{Heap after GC invocations=3 (full 0):
 garbage-first heap   total reserved 1886208K, committed 118784K, used 14495K [0x000000008ce00000, 0x0000000100000000)
  region size 1024K, 6 young (6144K), 6 survivors (6144K)
 Metaspace       used 21202K, committed 21504K, reserved 1114112K
  class space    used 2663K, committed 2816K, reserved 1048576K
}
Event: 3.768 GC heap before
{Heap before GC invocations=4 (full 0):
 garbage-first heap   total reserved 1886208K, committed 51200K, used 50335K [0x000000008ce00000, 0x0000000100000000)
  region size 1024K, 41 young (41984K), 6 survivors (6144K)
 Metaspace       used 25916K, committed 26304K, reserved 1114112K
  class space    used 3313K, committed 3520K, reserved 1048576K
}
Event: 3.779 GC heap after
{Heap after GC invocations=5 (full 0):
 garbage-first heap   total reserved 1886208K, committed 60416K, used 17385K [0x000000008ce00000, 0x0000000100000000)
  region size 1024K, 6 young (6144K), 6 survivors (6144K)
 Metaspace       used 25916K, committed 26304K, reserved 1114112K
  class space    used 3313K, committed 3520K, reserved 1048576K
}
Event: 4.876 GC heap before
{Heap before GC invocations=5 (full 0):
 garbage-first heap   total reserved 1886208K, committed 60416K, used 47081K [0x000000008ce00000, 0x0000000100000000)
  region size 1024K, 35 young (35840K), 6 survivors (6144K)
 Metaspace       used 30533K, committed 30976K, reserved 1114112K
  class space    used 4041K, committed 4224K, reserved 1048576K
}
Event: 4.890 GC heap after
{Heap after GC invocations=6 (full 0):
 garbage-first heap   total reserved 1886208K, committed 60416K, used 20083K [0x000000008ce00000, 0x0000000100000000)
  region size 1024K, 3 young (3072K), 3 survivors (3072K)
 Metaspace       used 30533K, committed 30976K, reserved 1114112K
  class space    used 4041K, committed 4224K, reserved 1048576K
}
Event: 5.761 GC heap before
{Heap before GC invocations=6 (full 0):
 garbage-first heap   total reserved 1886208K, committed 60416K, used 46707K [0x000000008ce00000, 0x0000000100000000)
  region size 1024K, 29 young (29696K), 3 survivors (3072K)
 Metaspace       used 35474K, committed 35968K, reserved 1114112K
  class space    used 4655K, committed 4864K, reserved 1048576K
}
Event: 5.766 GC heap after
{Heap after GC invocations=7 (full 0):
 garbage-first heap   total reserved 1886208K, committed 60416K, used 22104K [0x000000008ce00000, 0x0000000100000000)
  region size 1024K, 2 young (2048K), 2 survivors (2048K)
 Metaspace       used 35474K, committed 35968K, reserved 1114112K
  class space    used 4655K, committed 4864K, reserved 1048576K
}
Event: 7.083 GC heap before
{Heap before GC invocations=8 (full 0):
 garbage-first heap   total reserved 1886208K, committed 60416K, used 50776K [0x000000008ce00000, 0x0000000100000000)
  region size 1024K, 30 young (30720K), 2 survivors (2048K)
 Metaspace       used 43525K, committed 44032K, reserved 1114112K
  class space    used 5859K, committed 6080K, reserved 1048576K
}
Event: 7.087 GC heap after
{Heap after GC invocations=9 (full 0):
 garbage-first heap   total reserved 1886208K, committed 60416K, used 24467K [0x000000008ce00000, 0x0000000100000000)
  region size 1024K, 4 young (4096K), 4 survivors (4096K)
 Metaspace       used 43525K, committed 44032K, reserved 1114112K
  class space    used 5859K, committed 6080K, reserved 1048576K
}
Event: 7.730 GC heap before
{Heap before GC invocations=9 (full 0):
 garbage-first heap   total reserved 1886208K, committed 60416K, used 50067K [0x000000008ce00000, 0x0000000100000000)
  region size 1024K, 30 young (30720K), 4 survivors (4096K)
 Metaspace       used 50539K, committed 51072K, reserved 1114112K
  class space    used 6747K, committed 6976K, reserved 1048576K
}
Event: 7.735 GC heap after
{Heap after GC invocations=10 (full 0):
 garbage-first heap   total reserved 1886208K, committed 60416K, used 26212K [0x000000008ce00000, 0x0000000100000000)
  region size 1024K, 3 young (3072K), 3 survivors (3072K)
 Metaspace       used 50539K, committed 51072K, reserved 1114112K
  class space    used 6747K, committed 6976K, reserved 1048576K
}
Event: 8.321 GC heap before
{Heap before GC invocations=10 (full 0):
 garbage-first heap   total reserved 1886208K, committed 60416K, used 50788K [0x000000008ce00000, 0x0000000100000000)
  region size 1024K, 27 young (27648K), 3 survivors (3072K)
 Metaspace       used 57506K, committed 58048K, reserved 1114112K
  class space    used 7959K, committed 8192K, reserved 1048576K
}
Event: 8.324 GC heap after
{Heap after GC invocations=11 (full 0):
 garbage-first heap   total reserved 1886208K, committed 60416K, used 27152K [0x000000008ce00000, 0x0000000100000000)
  region size 1024K, 3 young (3072K), 3 survivors (3072K)
 Metaspace       used 57506K, committed 58048K, reserved 1114112K
  class space    used 7959K, committed 8192K, reserved 1048576K
}
Event: 8.641 GC heap before
{Heap before GC invocations=11 (full 0):
 garbage-first heap   total reserved 1886208K, committed 60416K, used 33296K [0x000000008ce00000, 0x0000000100000000)
  region size 1024K, 10 young (10240K), 3 survivors (3072K)
 Metaspace       used 59520K, committed 60160K, reserved 1114112K
  class space    used 8246K, committed 8512K, reserved 1048576K
}
Event: 8.643 GC heap after
{Heap after GC invocations=12 (full 0):
 garbage-first heap   total reserved 1886208K, committed 60416K, used 27410K [0x000000008ce00000, 0x0000000100000000)
  region size 1024K, 2 young (2048K), 2 survivors (2048K)
 Metaspace       used 59520K, committed 60160K, reserved 1114112K
  class space    used 8246K, committed 8512K, reserved 1048576K
}

